<?xml version="1.0" encoding="UTF-8"?>
<testng-results ignored="0" total="0" passed="0" failed="0" skipped="0">
  <reporter-output>
  </reporter-output>
  <suite started-at="2022-12-21T00:22:40 IST" name="Default suite" finished-at="2022-12-21T00:22:53 IST" duration-ms="12237">
    <groups>
    </groups>
    <test started-at="2022-12-21T00:22:40 IST" name="Default test" finished-at="2022-12-21T00:22:53 IST" duration-ms="12237">
      <class name="androidTestCases.FillFormTestCase">
        <test-method is-config="true" signature="configerAppium()[pri:0, instance:androidTestCases.FillFormTestCase@6b81ce95]" started-at="2022-12-21T00:22:40 IST" name="configerAppium" finished-at="2022-12-21T00:22:52 IST" duration-ms="12103" status="FAIL">
          <exception class="io.appium.java_client.service.local.InvalidServerInstanceException">
            <message>
              <![CDATA[The main Appium script does not exist at '\\Users\nikhi\AppData\Roaming\npm\node_modules\appium\build\lib\main.js']]>
            </message>
            <full-stacktrace>
              <![CDATA[io.appium.java_client.service.local.InvalidServerInstanceException: The main Appium script does not exist at '\\Users\nikhi\AppData\Roaming\npm\node_modules\appium\build\lib\main.js'
at io.appium.java_client.service.local.AppiumServiceBuilder.validatePath(AppiumServiceBuilder.java:128)
at io.appium.java_client.service.local.AppiumServiceBuilder.loadPathToMainScript(AppiumServiceBuilder.java:291)
at io.appium.java_client.service.local.AppiumServiceBuilder.createArgs(AppiumServiceBuilder.java:358)
at io.appium.java_client.service.local.AppiumServiceBuilder.createArgs(AppiumServiceBuilder.java:57)
at org.openqa.selenium.remote.service.DriverService$Builder.build(DriverService.java:463)
at genaralUtility.AndroidBaseClass.configerAppium(AndroidBaseClass.java:29)
at java.base/jdk.internal.reflect.NativeMethodAccessorImpl.invoke0(Native Method)
at java.base/jdk.internal.reflect.NativeMethodAccessorImpl.invoke(NativeMethodAccessorImpl.java:77)
at java.base/jdk.internal.reflect.DelegatingMethodAccessorImpl.invoke(DelegatingMethodAccessorImpl.java:43)
at java.base/java.lang.reflect.Method.invoke(Method.java:568)
at org.testng.internal.MethodInvocationHelper.invokeMethod(MethodInvocationHelper.java:133)
at org.testng.internal.MethodInvocationHelper.invokeMethodConsideringTimeout(MethodInvocationHelper.java:62)
at org.testng.internal.ConfigInvoker.invokeConfigurationMethod(ConfigInvoker.java:385)
at org.testng.internal.ConfigInvoker.invokeConfigurations(ConfigInvoker.java:321)
at org.testng.TestRunner.invokeTestConfigurations(TestRunner.java:637)
at org.testng.TestRunner.beforeRun(TestRunner.java:627)
at org.testng.TestRunner.run(TestRunner.java:589)
at org.testng.SuiteRunner.runTest(SuiteRunner.java:377)
at org.testng.SuiteRunner.runSequentially(SuiteRunner.java:371)
at org.testng.SuiteRunner.privateRun(SuiteRunner.java:332)
at org.testng.SuiteRunner.run(SuiteRunner.java:276)
at org.testng.SuiteRunnerWorker.runSuite(SuiteRunnerWorker.java:53)
at org.testng.SuiteRunnerWorker.run(SuiteRunnerWorker.java:96)
at org.testng.TestNG.runSuitesSequentially(TestNG.java:1212)
at org.testng.TestNG.runSuitesLocally(TestNG.java:1134)
at org.testng.TestNG.runSuites(TestNG.java:1063)
at org.testng.TestNG.run(TestNG.java:1031)
at org.testng.remote.AbstractRemoteTestNG.run(AbstractRemoteTestNG.java:115)
at org.testng.remote.RemoteTestNG.initAndRun(RemoteTestNG.java:251)
at org.testng.remote.RemoteTestNG.main(RemoteTestNG.java:77)
]]>
            </full-stacktrace>
          </exception> <!-- io.appium.java_client.service.local.InvalidServerInstanceException -->
          <reporter-output>
          </reporter-output>
        </test-method> <!-- configerAppium -->
        <test-method is-config="true" signature="tearDown()[pri:0, instance:androidTestCases.FillFormTestCase@6b81ce95]" started-at="2022-12-21T00:22:53 IST" name="tearDown" finished-at="1970-01-01T05:30:00 IST" duration-ms="-1671562373041" status="SKIP">
          <reporter-output>
          </reporter-output>
        </test-method> <!-- tearDown -->
      </class> <!-- androidTestCases.FillFormTestCase -->
    </test> <!-- Default test -->
  </suite> <!-- Default suite -->
</testng-results>
